[debug] [2020-02-27T18:11:57.948Z] ----------------------------------------------------------------------
[debug] [2020-02-27T18:11:57.951Z] Command:       C:\Program Files\nodejs\node.exe C:\Users\reir8p\code\ng-gen-prefs-redesign\node_modules\firebase-tools\lib\bin\firebase.js init
[debug] [2020-02-27T18:11:57.951Z] CLI Version:   7.13.1
[debug] [2020-02-27T18:11:57.951Z] Platform:      win32
[debug] [2020-02-27T18:11:57.951Z] Node Version:  v10.16.0
[debug] [2020-02-27T18:11:57.952Z] Time:          Thu Feb 27 2020 13:11:57 GMT-0500 (Eastern Standard Time)
[debug] [2020-02-27T18:11:57.952Z] ----------------------------------------------------------------------
[debug] [2020-02-27T18:11:57.952Z] 
[debug] [2020-02-27T18:11:57.978Z] > command requires scopes: ["email","openid","https://www.googleapis.com/auth/cloudplatformprojects.readonly","https://www.googleapis.com/auth/firebase","https://www.googleapis.com/auth/cloud-platform"]
[debug] [2020-02-27T18:11:57.979Z] > authorizing via signed-in user
[info] 
     ######## #### ########  ######## ########     ###     ######  ########
     ##        ##  ##     ## ##       ##     ##  ##   ##  ##       ##
     ######    ##  ########  ######   ########  #########  ######  ######
     ##        ##  ##    ##  ##       ##     ## ##     ##       ## ##
     ##       #### ##     ## ######## ########  ##     ##  ######  ########

You're about to initialize a Firebase project in this directory:

  C:\Users\reir8p\code\ng-gen-prefs-redesign

Before we get started, keep in mind:

  * You are initializing in an existing Firebase project directory

[info] 
=== Project Setup
[info] 
[info] First, let's associate this project directory with a Firebase project.
[info] You can create multiple project aliases by running firebase use --add, 
[info] but for now we'll just set up a default project.
[info] 
[info] i  .firebaserc already has a default project, using genetic-prefs-staging.
[debug] [2020-02-27T18:12:25.117Z] > refreshing access token with scopes: ["email","https://www.googleapis.com/auth/cloud-platform","https://www.googleapis.com/auth/cloudplatformprojects.readonly","https://www.googleapis.com/auth/firebase","openid"]
[debug] [2020-02-27T18:12:25.117Z] >>> HTTP REQUEST POST https://www.googleapis.com/oauth2/v3/token  
 <request body omitted>
[debug] [2020-02-27T18:12:25.127Z] Authentication Error: Your credentials are no longer valid. Please run firebase login --reauth

For CI servers and headless environments, generate a new token with firebase login:ci
[debug] [2020-02-27T18:12:25.140Z] FirebaseError: Authentication Error: Your credentials are no longer valid. Please run firebase login --reauth

For CI servers and headless environments, generate a new token with firebase login:ci
    at Object.<anonymous> (C:\Users\reir8p\code\ng-gen-prefs-redesign\node_modules\firebase-tools\lib\auth.js:23:32)
    at Module._compile (internal/modules/cjs/loader.js:776:30)
    at Object.Module._extensions..js (internal/modules/cjs/loader.js:787:10)
    at Module.load (internal/modules/cjs/loader.js:653:32)
    at tryModuleLoad (internal/modules/cjs/loader.js:593:12)
    at Function.Module._load (internal/modules/cjs/loader.js:585:3)
    at Module.require (internal/modules/cjs/loader.js:690:17)
    at require (internal/modules/cjs/helpers.js:25:18)
    at Object.<anonymous> (C:\Users\reir8p\code\ng-gen-prefs-redesign\node_modules\firebase-tools\lib\commands\login.js:8:12)
    at Module._compile (internal/modules/cjs/loader.js:776:30)
    at Object.Module._extensions..js (internal/modules/cjs/loader.js:787:10)
    at Module.load (internal/modules/cjs/loader.js:653:32)
    at tryModuleLoad (internal/modules/cjs/loader.js:593:12)
    at Function.Module._load (internal/modules/cjs/loader.js:585:3)
    at Module.require (internal/modules/cjs/loader.js:690:17)
    at require (internal/modules/cjs/helpers.js:25:18)
[error] 
[error] Error: Failed to get Firebase project genetic-prefs-staging. Please make sure the project exists and your account has permission to access it.
